  [1m[36m (122.5ms)[0m  [1mCREATE TABLE "schema_migrations" ("version" varchar NOT NULL) [0m
  [1m[35m (0.3ms)[0m  select sqlite_version(*)
  [1m[36m (122.3ms)[0m  [1mCREATE UNIQUE INDEX "unique_schema_migrations" ON "schema_migrations" ("version")[0m
  [1m[35mActiveRecord::SchemaMigration Load (0.1ms)[0m  SELECT "schema_migrations".* FROM "schema_migrations"
Migrating to CreateProducts (20151125231628)
  [1m[36m (0.1ms)[0m  [1mbegin transaction[0m
  [1m[35m (0.4ms)[0m  CREATE TABLE "products" ("id" INTEGER PRIMARY KEY AUTOINCREMENT NOT NULL, "name" varchar, "description" varchar, "value" decimal, "inventory" integer, "created_at" datetime NOT NULL, "updated_at" datetime NOT NULL) 
  [1m[36mSQL (0.3ms)[0m  [1mINSERT INTO "schema_migrations" ("version") VALUES (?)[0m  [["version", "20151125231628"]]
  [1m[35m (103.5ms)[0m  commit transaction
Migrating to CreateSales (20151125232306)
  [1m[36m (0.1ms)[0m  [1mbegin transaction[0m
  [1m[35m (0.4ms)[0m  CREATE TABLE "sales" ("id" INTEGER PRIMARY KEY AUTOINCREMENT NOT NULL, "cpfSalesman" varchar, "cnpjClient" varchar, "nameClient" varchar, "addressClient" varchar, "productId" integer, "quantity" integer, "created_at" datetime NOT NULL, "updated_at" datetime NOT NULL) 
  [1m[36mSQL (0.2ms)[0m  [1mINSERT INTO "schema_migrations" ("version") VALUES (?)[0m  [["version", "20151125232306"]]
  [1m[35m (121.8ms)[0m  commit transaction
  [1m[36mActiveRecord::SchemaMigration Load (0.1ms)[0m  [1mSELECT "schema_migrations".* FROM "schema_migrations"[0m


Started GET "/products" for 127.0.0.1 at 2015-11-25 21:25:25 -0200
  [1m[36mActiveRecord::SchemaMigration Load (0.2ms)[0m  [1mSELECT "schema_migrations".* FROM "schema_migrations"[0m
Processing by ProductsController#index as HTML
  [1m[35mProduct Load (0.2ms)[0m  SELECT "products".* FROM "products"
  Rendered products/index.html.erb within layouts/application (21.4ms)
Completed 200 OK in 2947ms (Views: 2922.0ms | ActiveRecord: 0.3ms)


Started GET "/assets/products.self-e3b0c44298fc1c149afbf4c8996fb92427ae41e4649b934ca495991b7852b855.css?body=1" for 127.0.0.1 at 2015-11-25 21:25:29 -0200


Started GET "/assets/sales.self-e3b0c44298fc1c149afbf4c8996fb92427ae41e4649b934ca495991b7852b855.css?body=1" for 127.0.0.1 at 2015-11-25 21:25:29 -0200


Started GET "/assets/products.self-877aef30ae1b040ab8a3aba4e3e309a11d7f2612f44dde450b5c157aa5f95c05.js?body=1" for 127.0.0.1 at 2015-11-25 21:25:29 -0200


Started GET "/assets/sales.self-877aef30ae1b040ab8a3aba4e3e309a11d7f2612f44dde450b5c157aa5f95c05.js?body=1" for 127.0.0.1 at 2015-11-25 21:25:29 -0200


Started GET "/sales" for 127.0.0.1 at 2015-11-25 21:25:34 -0200
Processing by SalesController#index as HTML
  [1m[36mSale Load (0.2ms)[0m  [1mSELECT "sales".* FROM "sales"[0m
  Rendered sales/index.html.erb within layouts/application (6.0ms)
Completed 200 OK in 196ms (Views: 193.1ms | ActiveRecord: 0.3ms)


Started GET "/sales" for 127.0.0.1 at 2015-11-25 21:26:37 -0200
  [1m[36mActiveRecord::SchemaMigration Load (0.1ms)[0m  [1mSELECT "schema_migrations".* FROM "schema_migrations"[0m
Processing by SalesController#index as HTML
  [1m[35mSale Load (0.2ms)[0m  SELECT "sales".* FROM "sales"
  Rendered sales/index.html.erb within layouts/application (14.8ms)
Completed 200 OK in 346ms (Views: 334.9ms | ActiveRecord: 0.3ms)


Started GET "/products" for 127.0.0.1 at 2015-11-25 21:31:52 -0200
  [1m[36mActiveRecord::SchemaMigration Load (0.1ms)[0m  [1mSELECT "schema_migrations".* FROM "schema_migrations"[0m
Processing by ProductsController#index as HTML
  [1m[35mProduct Load (0.2ms)[0m  SELECT "products".* FROM "products"
  Rendered products/index.html.erb within layouts/application (15.2ms)
Completed 200 OK in 348ms (Views: 336.6ms | ActiveRecord: 0.3ms)


Started GET "/assets/twitter-bootstrap-static/bootstrap.self-77d963462a71b85aa6c39f0110994006fed4301154d937da52eb3884ff813853.css?body=1" for 127.0.0.1 at 2015-11-25 21:31:52 -0200


Started GET "/assets/bootstrap_and_overrides.self-2cb3834583dfbaf0a39c7139750bf963e05d79cbe811126997e013400be5d8dc.css?body=1" for 127.0.0.1 at 2015-11-25 21:31:53 -0200


Started GET "/assets/twitter-bootstrap-static/fontawesome.self-c1a8821f7eb1b195061d7706930814ecc6bd44db4c68f208da5fe14845fa11ea.css?body=1" for 127.0.0.1 at 2015-11-25 21:31:53 -0200


Started GET "/assets/scaffolds.self-741454fc71666e1a03bce28783234f3eb632d127b94feda5e9b815765529e281.css?body=1" for 127.0.0.1 at 2015-11-25 21:31:53 -0200


Started GET "/assets/sales.self-e3b0c44298fc1c149afbf4c8996fb92427ae41e4649b934ca495991b7852b855.css?body=1" for 127.0.0.1 at 2015-11-25 21:31:53 -0200


Started GET "/assets/products.self-e3b0c44298fc1c149afbf4c8996fb92427ae41e4649b934ca495991b7852b855.css?body=1" for 127.0.0.1 at 2015-11-25 21:31:53 -0200


Started GET "/assets/application.self-e80e8f2318043e8af94dddc2adad5a4f09739a8ebb323b3ab31cd71d45fd9113.css?body=1" for 127.0.0.1 at 2015-11-25 21:31:53 -0200


Started GET "/assets/jquery.self-a714331225dda820228db323939889f149aec0127aeb06255646b616ba1ca419.js?body=1" for 127.0.0.1 at 2015-11-25 21:31:53 -0200


Started GET "/assets/twitter/bootstrap/transition.self-db278e3a8fa6249c16796b113ebd29e11ef4e2cd021618ed84895d524a4511e0.js?body=1" for 127.0.0.1 at 2015-11-25 21:31:53 -0200


Started GET "/assets/twitter/bootstrap/alert.self-ebce91ec66c71bcee451ea7da9128fd1bf8faa02c6d22ea04c598423431e4c08.js?body=1" for 127.0.0.1 at 2015-11-25 21:31:53 -0200


Started GET "/assets/twitter/bootstrap/modal.self-ab1767545e27c0dbd36971e656ae4927171f673e3d932cdec2cbef39e991952b.js?body=1" for 127.0.0.1 at 2015-11-25 21:31:53 -0200


Started GET "/assets/jquery_ujs.self-d456baa54c1fa6be2ec3711f0a72ddf7a5b2f34a6b4f515f33767d6207b7d4b3.js?body=1" for 127.0.0.1 at 2015-11-25 21:31:53 -0200


Started GET "/assets/twitter/bootstrap/dropdown.self-8bb9309b6c24a4ba6b94026a049d25b13bdc0553b6fe83255c14a715ba624cc4.js?body=1" for 127.0.0.1 at 2015-11-25 21:31:53 -0200


Started GET "/assets/twitter/bootstrap/scrollspy.self-bd0c6724cdc75302fe98dfeff923112b76c1673cf4a0752a7050b7feea15594c.js?body=1" for 127.0.0.1 at 2015-11-25 21:31:53 -0200


Started GET "/assets/twitter/bootstrap/tab.self-7e3ee4a243bb416b5f0111a0be08f8547c5d72ba71fe4afe4a4a007f5cb4e10e.js?body=1" for 127.0.0.1 at 2015-11-25 21:31:53 -0200


Started GET "/assets/twitter/bootstrap/tooltip.self-d7f9330825307d053f68da11bb9ddc9b070df72deef3d115f2f3d55f66b17457.js?body=1" for 127.0.0.1 at 2015-11-25 21:31:53 -0200


Started GET "/assets/twitter/bootstrap/button.self-ceb562de883e04359bb2c06f07bdf6ecf065cc8a5027e2e58857c5e91b0b68e3.js?body=1" for 127.0.0.1 at 2015-11-25 21:31:53 -0200


Started GET "/assets/twitter/bootstrap/popover.self-cd672ecad3b549e1dbd89bfd044e5812d6fdade56f42d48e3acee0c3f4614526.js?body=1" for 127.0.0.1 at 2015-11-25 21:31:53 -0200


Started GET "/assets/twitter/bootstrap/collapse.self-a87553101c955a01e2e8c81fad69a16582ddbf58fe95d5eb335dde5567af7647.js?body=1" for 127.0.0.1 at 2015-11-25 21:31:53 -0200


Started GET "/assets/twitter/bootstrap/carousel.self-5d09995e01b647168888180d40e271f9a6759d68ae7ac029d7026af58813d376.js?body=1" for 127.0.0.1 at 2015-11-25 21:31:53 -0200


Started GET "/assets/twitter/bootstrap/affix.self-14e04bbe71282aa039322ab93e3a3a886ddede5f59a2f365f7c861f697bbeb21.js?body=1" for 127.0.0.1 at 2015-11-25 21:31:53 -0200


Started GET "/assets/twitter/bootstrap.self-fbfa5ad7d9aa0afe439ec4ff3883acc4cb92b62cb67c40d674320c9aa1d4642d.js?body=1" for 127.0.0.1 at 2015-11-25 21:31:53 -0200


Started GET "/assets/turbolinks.self-c37727e9bd6b2735da5c311aa83fead54ed0be6cc8bd9a65309e9c5abe2cbfff.js?body=1" for 127.0.0.1 at 2015-11-25 21:31:53 -0200


Started GET "/assets/bootstrap.self-fdc98dee79ee88255e10cac6caa91338165cb76cf0d263744d8d90011fc2ef8f.js?body=1" for 127.0.0.1 at 2015-11-25 21:31:53 -0200


Started GET "/assets/products.self-877aef30ae1b040ab8a3aba4e3e309a11d7f2612f44dde450b5c157aa5f95c05.js?body=1" for 127.0.0.1 at 2015-11-25 21:31:53 -0200


Started GET "/assets/sales.self-877aef30ae1b040ab8a3aba4e3e309a11d7f2612f44dde450b5c157aa5f95c05.js?body=1" for 127.0.0.1 at 2015-11-25 21:31:53 -0200


Started GET "/assets/application.self-f8806224e027f3e3f0138ea9ce99319e298dfdb323304d1f1be6eae8e8c74724.js?body=1" for 127.0.0.1 at 2015-11-25 21:31:53 -0200


Started POST "/products.json" for 127.0.0.1 at 2015-11-25 21:32:44 -0200
Processing by ProductsController#create as JSON
  Parameters: {"name"=>"Testando post", "description"=>"Testando o post", "value"=>100, "inventory"=>10, "product"=>{"name"=>"Testando post", "description"=>"Testando o post", "value"=>100, "inventory"=>10}}
Can't verify CSRF token authenticity
Completed 422 Unprocessable Entity in 2ms (ActiveRecord: 0.4ms)

ActionController::InvalidAuthenticityToken (ActionController::InvalidAuthenticityToken):
  actionpack (4.2.4) lib/action_controller/metal/request_forgery_protection.rb:181:in `handle_unverified_request'
  actionpack (4.2.4) lib/action_controller/metal/request_forgery_protection.rb:209:in `handle_unverified_request'
  actionpack (4.2.4) lib/action_controller/metal/request_forgery_protection.rb:204:in `verify_authenticity_token'
  activesupport (4.2.4) lib/active_support/callbacks.rb:432:in `block in make_lambda'
  activesupport (4.2.4) lib/active_support/callbacks.rb:164:in `call'
  activesupport (4.2.4) lib/active_support/callbacks.rb:164:in `block in halting'
  activesupport (4.2.4) lib/active_support/callbacks.rb:504:in `call'
  activesupport (4.2.4) lib/active_support/callbacks.rb:504:in `block in call'
  activesupport (4.2.4) lib/active_support/callbacks.rb:504:in `each'
  activesupport (4.2.4) lib/active_support/callbacks.rb:504:in `call'
  activesupport (4.2.4) lib/active_support/callbacks.rb:92:in `__run_callbacks__'
  activesupport (4.2.4) lib/active_support/callbacks.rb:778:in `_run_process_action_callbacks'
  activesupport (4.2.4) lib/active_support/callbacks.rb:81:in `run_callbacks'
  actionpack (4.2.4) lib/abstract_controller/callbacks.rb:19:in `process_action'
  actionpack (4.2.4) lib/action_controller/metal/rescue.rb:29:in `process_action'
  actionpack (4.2.4) lib/action_controller/metal/instrumentation.rb:32:in `block in process_action'
  activesupport (4.2.4) lib/active_support/notifications.rb:164:in `block in instrument'
  activesupport (4.2.4) lib/active_support/notifications/instrumenter.rb:20:in `instrument'
  activesupport (4.2.4) lib/active_support/notifications.rb:164:in `instrument'
  actionpack (4.2.4) lib/action_controller/metal/instrumentation.rb:30:in `process_action'
  actionpack (4.2.4) lib/action_controller/metal/params_wrapper.rb:250:in `process_action'
  activerecord (4.2.4) lib/active_record/railties/controller_runtime.rb:18:in `process_action'
  actionpack (4.2.4) lib/abstract_controller/base.rb:137:in `process'
  actionview (4.2.4) lib/action_view/rendering.rb:30:in `process'
  actionpack (4.2.4) lib/action_controller/metal.rb:196:in `dispatch'
  actionpack (4.2.4) lib/action_controller/metal/rack_delegation.rb:13:in `dispatch'
  actionpack (4.2.4) lib/action_controller/metal.rb:237:in `block in action'
  actionpack (4.2.4) lib/action_dispatch/routing/route_set.rb:76:in `call'
  actionpack (4.2.4) lib/action_dispatch/routing/route_set.rb:76:in `dispatch'
  actionpack (4.2.4) lib/action_dispatch/routing/route_set.rb:45:in `serve'
  actionpack (4.2.4) lib/action_dispatch/journey/router.rb:43:in `block in serve'
  actionpack (4.2.4) lib/action_dispatch/journey/router.rb:30:in `each'
  actionpack (4.2.4) lib/action_dispatch/journey/router.rb:30:in `serve'
  actionpack (4.2.4) lib/action_dispatch/routing/route_set.rb:821:in `call'
  rack (1.6.4) lib/rack/etag.rb:24:in `call'
  rack (1.6.4) lib/rack/conditionalget.rb:38:in `call'
  rack (1.6.4) lib/rack/head.rb:13:in `call'
  actionpack (4.2.4) lib/action_dispatch/middleware/params_parser.rb:27:in `call'
  actionpack (4.2.4) lib/action_dispatch/middleware/flash.rb:260:in `call'
  rack (1.6.4) lib/rack/session/abstract/id.rb:225:in `context'
  rack (1.6.4) lib/rack/session/abstract/id.rb:220:in `call'
  actionpack (4.2.4) lib/action_dispatch/middleware/cookies.rb:560:in `call'
  activerecord (4.2.4) lib/active_record/query_cache.rb:36:in `call'
  activerecord (4.2.4) lib/active_record/connection_adapters/abstract/connection_pool.rb:653:in `call'
  activerecord (4.2.4) lib/active_record/migration.rb:377:in `call'
  actionpack (4.2.4) lib/action_dispatch/middleware/callbacks.rb:29:in `block in call'
  activesupport (4.2.4) lib/active_support/callbacks.rb:88:in `__run_callbacks__'
  activesupport (4.2.4) lib/active_support/callbacks.rb:778:in `_run_call_callbacks'
  activesupport (4.2.4) lib/active_support/callbacks.rb:81:in `run_callbacks'
  actionpack (4.2.4) lib/action_dispatch/middleware/callbacks.rb:27:in `call'
  actionpack (4.2.4) lib/action_dispatch/middleware/reloader.rb:73:in `call'
  actionpack (4.2.4) lib/action_dispatch/middleware/remote_ip.rb:78:in `call'
  actionpack (4.2.4) lib/action_dispatch/middleware/debug_exceptions.rb:17:in `call'
  web-console (2.2.1) lib/web_console/middleware.rb:39:in `call'
  actionpack (4.2.4) lib/action_dispatch/middleware/show_exceptions.rb:30:in `call'
  railties (4.2.4) lib/rails/rack/logger.rb:38:in `call_app'
  railties (4.2.4) lib/rails/rack/logger.rb:20:in `block in call'
  activesupport (4.2.4) lib/active_support/tagged_logging.rb:68:in `block in tagged'
  activesupport (4.2.4) lib/active_support/tagged_logging.rb:26:in `tagged'
  activesupport (4.2.4) lib/active_support/tagged_logging.rb:68:in `tagged'
  railties (4.2.4) lib/rails/rack/logger.rb:20:in `call'
  actionpack (4.2.4) lib/action_dispatch/middleware/request_id.rb:21:in `call'
  rack (1.6.4) lib/rack/methodoverride.rb:22:in `call'
  rack (1.6.4) lib/rack/runtime.rb:18:in `call'
  activesupport (4.2.4) lib/active_support/cache/strategy/local_cache_middleware.rb:28:in `call'
  rack (1.6.4) lib/rack/lock.rb:17:in `call'
  actionpack (4.2.4) lib/action_dispatch/middleware/static.rb:116:in `call'
  rack (1.6.4) lib/rack/sendfile.rb:113:in `call'
  railties (4.2.4) lib/rails/engine.rb:518:in `call'
  railties (4.2.4) lib/rails/application.rb:165:in `call'
  rack (1.6.4) lib/rack/lock.rb:17:in `call'
  rack (1.6.4) lib/rack/content_length.rb:15:in `call'
  rack (1.6.4) lib/rack/handler/webrick.rb:88:in `service'
  /home/douglas/.rvm/rubies/ruby-2.2.1/lib/ruby/2.2.0/webrick/httpserver.rb:138:in `service'
  /home/douglas/.rvm/rubies/ruby-2.2.1/lib/ruby/2.2.0/webrick/httpserver.rb:94:in `run'
  /home/douglas/.rvm/rubies/ruby-2.2.1/lib/ruby/2.2.0/webrick/server.rb:294:in `block in start_thread'


  Rendered /home/douglas/.rvm/gems/ruby-2.2.1/gems/actionpack-4.2.4/lib/action_dispatch/middleware/templates/rescues/_source.erb (11.1ms)
  Rendered /home/douglas/.rvm/gems/ruby-2.2.1/gems/actionpack-4.2.4/lib/action_dispatch/middleware/templates/rescues/_trace.html.erb (2.2ms)
  Rendered /home/douglas/.rvm/gems/ruby-2.2.1/gems/actionpack-4.2.4/lib/action_dispatch/middleware/templates/rescues/_request_and_response.html.erb (2.0ms)
  Rendered /home/douglas/.rvm/gems/ruby-2.2.1/gems/actionpack-4.2.4/lib/action_dispatch/middleware/templates/rescues/diagnostics.html.erb within rescues/layout (30.3ms)
Cannot render console with content type application/jsonAllowed content types: [#<Mime::Type:0x00000004091d58 @synonyms=["application/xhtml+xml"], @symbol=:html, @string="text/html">, #<Mime::Type:0x000000040919e8 @synonyms=[], @symbol=:text, @string="text/plain">, #<Mime::Type:0x0000000408e478 @synonyms=[], @symbol=:url_encoded_form, @string="application/x-www-form-urlencoded">]


Started POST "/products.json" for 127.0.0.1 at 2015-11-25 21:33:46 -0200
Processing by ProductsController#create as JSON
  Parameters: {"name"=>"Testando post", "description"=>"Testando o post", "value"=>100, "inventory"=>10, "product"=>{"name"=>"Testando post", "description"=>"Testando o post", "value"=>100, "inventory"=>10}}
Can't verify CSRF token authenticity
  [1m[36m (0.1ms)[0m  [1mbegin transaction[0m
  [1m[35mSQL (0.4ms)[0m  INSERT INTO "products" ("name", "description", "value", "inventory", "created_at", "updated_at") VALUES (?, ?, ?, ?, ?, ?)  [["name", "Testando post"], ["description", "Testando o post"], ["value", 100.0], ["inventory", 10], ["created_at", "2015-11-25 23:33:47.040150"], ["updated_at", "2015-11-25 23:33:47.040150"]]
  [1m[36m (166.6ms)[0m  [1mcommit transaction[0m
  Rendered products/show.json.jbuilder (23.2ms)
Completed 201 Created in 207ms (Views: 27.0ms | ActiveRecord: 167.7ms)


Started GET "/products" for 127.0.0.1 at 2015-11-25 21:33:56 -0200
Processing by ProductsController#index as HTML
  [1m[35mProduct Load (0.2ms)[0m  SELECT "products".* FROM "products"
  Rendered products/index.html.erb within layouts/application (3.8ms)
Completed 200 OK in 134ms (Views: 132.5ms | ActiveRecord: 0.2ms)
